# Audit log for medical data exchange system
# Created on startup
[2025-10-05 16:23:05] ROLE: SYSTEM, ACTION: STARTUP, DETAILS: Encryption enabled: True
[2025-10-05 16:23:06] ROLE: SYSTEM, ACTION: STARTUP, DETAILS: Encryption enabled: True
[2025-10-05 16:30:39] ROLE: SYSTEM, ACTION: STARTUP, DETAILS: Encryption enabled: True
[2025-10-05 16:30:42] ROLE: SYSTEM, ACTION: STARTUP, DETAILS: Encryption enabled: True
[2025-10-05 16:31:46] ROLE: SYSTEM, ACTION: STARTUP, DETAILS: Encryption enabled: True
[2025-10-05 16:31:48] ROLE: SYSTEM, ACTION: STARTUP, DETAILS: Encryption enabled: True
[2025-10-05 16:34:21] ROLE: PATIENT, ACTION: UPLOAD_START, DETAILS: File size: 530201 bytes
[2025-10-05 16:34:41] ROLE: PATIENT, ACTION: UPLOAD_START, DETAILS: File size: 530201 bytes
[2025-10-05 16:34:56] ROLE: PATIENT, ACTION: UPLOAD_START, DETAILS: File size: 73 bytes
[2025-10-05 16:34:58] ROLE: PATIENT, ACTION: UPLOAD_START, DETAILS: File size: 73 bytes
[2025-10-05 16:36:54] ROLE: SYSTEM, ACTION: STARTUP, DETAILS: Encryption enabled: True
[2025-10-05 16:36:56] ROLE: SYSTEM, ACTION: STARTUP, DETAILS: Encryption enabled: True
[2025-10-05 16:37:10] ROLE: PATIENT, ACTION: UPLOAD_START, DETAILS: File size: 73 bytes
[2025-10-05 16:37:11] ROLE: PATIENT, ACTION: UPLOAD_COMPLETE, DETAILS: Encrypted file saved: uploads\6ed39663-bcef-4474-bc64-21b9531774c9_encrypted.bin
[2025-10-05 16:37:25] ROLE: DOCTOR, ACTION: VIEW_REPORT, DETAILS: File ID: 6ed39663-bcef-4474-bc64-21b9531774c9, Size: 12 bytes
[2025-10-05 16:37:34] ROLE: DOCTOR, ACTION: SEND_TO_LAB, DETAILS: Forwarded file ID: 6ed39663-bcef-4474-bc64-21b9531774c9 -> 453d2c45-621f-475b-99df-b515b8d7575a
[2025-10-05 16:37:47] ROLE: DOCTOR, ACTION: SEND_TO_LAB, DETAILS: Forwarded file ID: 6ed39663-bcef-4474-bc64-21b9531774c9 -> 51bbbc61-5027-47a8-a682-738a592ae3a5
[2025-10-05 16:37:47] ROLE: DOCTOR, ACTION: SEND_TO_LAB, DETAILS: Forwarded file ID: 6ed39663-bcef-4474-bc64-21b9531774c9 -> eed4e914-6d00-41b4-a396-b8aedf08b8c7
[2025-10-05 16:37:48] ROLE: DOCTOR, ACTION: SEND_TO_LAB, DETAILS: Forwarded file ID: 6ed39663-bcef-4474-bc64-21b9531774c9 -> a37046f4-fad8-4c85-9519-0c310a7eb8af
[2025-10-05 16:37:59] ROLE: LAB, ACTION: PROCESS_START, DETAILS: Processing file ID: a37046f4-fad8-4c85-9519-0c310a7eb8af
[2025-10-05 16:38:00] ROLE: LAB, ACTION: PROCESS_COMPLETE, DETAILS: Computation completed for a37046f4-fad8-4c85-9519-0c310a7eb8af
[2025-10-05 16:38:18] ROLE: LAB, ACTION: PROCESS_START, DETAILS: Processing file ID: a37046f4-fad8-4c85-9519-0c310a7eb8af
[2025-10-05 16:38:19] ROLE: LAB, ACTION: PROCESS_COMPLETE, DETAILS: Computation completed for a37046f4-fad8-4c85-9519-0c310a7eb8af
[2025-10-05 16:38:19] ROLE: LAB, ACTION: PROCESS_START, DETAILS: Processing file ID: a37046f4-fad8-4c85-9519-0c310a7eb8af
[2025-10-05 16:38:20] ROLE: LAB, ACTION: PROCESS_COMPLETE, DETAILS: Computation completed for a37046f4-fad8-4c85-9519-0c310a7eb8af
[2025-10-05 16:38:32] ROLE: OUTSIDER, ACTION: INSPECT_ALL, DETAILS: Found 5 files
[2025-10-05 16:38:46] ROLE: OUTSIDER, ACTION: INSPECT_TRAFFIC, DETAILS: File ID: 453d2c45-621f-475b-99df-b515b8d7575a, Type: lab_processing, Size: 12 bytes
[2025-10-05 16:39:35] ROLE: DOCTOR, ACTION: RETURN_RESULT, DETAILS: Diagnosis sent for file ID: 36817d6c-e9be-4138-94ac-5f790cefc204
[2025-10-05 16:39:45] ROLE: PATIENT, ACTION: VIEW_RESULT, DETAILS: File ID: 36817d6c-e9be-4138-94ac-5f790cefc204
[2025-10-05 16:44:39] ROLE: SYSTEM, ACTION: STARTUP, DETAILS: Encryption enabled: False
[2025-10-05 16:44:49] ROLE: PATIENT, ACTION: UPLOAD_START, DETAILS: File size: 73 bytes
[2025-10-05 16:44:49] ROLE: PATIENT, ACTION: UPLOAD_COMPLETE, DETAILS: Plaintext file saved: uploads\a64eff7f-0ee0-40b0-9787-a0959862b9a7_plaintext.bin
[2025-10-05 16:45:02] ROLE: OUTSIDER, ACTION: INSPECT_TRAFFIC, DETAILS: File ID: a64eff7f-0ee0-40b0-9787-a0959862b9a7, Type: plaintext, Size: 73 bytes
[2025-10-05 16:45:29] ROLE: DOCTOR, ACTION: SEND_TO_LAB, DETAILS: Forwarded file ID: a64eff7f-0ee0-40b0-9787-a0959862b9a7 -> af1fdbab-de83-4b1a-953e-9ff5c1affc0e
[2025-10-05 16:45:41] ROLE: LAB, ACTION: PROCESS_START, DETAILS: Processing file ID: af1fdbab-de83-4b1a-953e-9ff5c1affc0e
[2025-10-05 16:45:42] ROLE: LAB, ACTION: PROCESS_COMPLETE, DETAILS: Computation completed for af1fdbab-de83-4b1a-953e-9ff5c1affc0e
[2025-10-05 16:46:06] ROLE: DOCTOR, ACTION: VIEW_REPORT, DETAILS: File ID: a64eff7f-0ee0-40b0-9787-a0959862b9a7, Size: 73 bytes
[2025-10-05 16:47:07] ROLE: DOCTOR, ACTION: RETURN_RESULT, DETAILS: Diagnosis sent for file ID: 33b80869-77cf-4957-8805-6cd7aa9dc712
[2025-10-05 16:47:12] ROLE: PATIENT, ACTION: VIEW_RESULT, DETAILS: File ID: 33b80869-77cf-4957-8805-6cd7aa9dc712
[2025-10-05 16:48:41] ROLE: SYSTEM, ACTION: STARTUP, DETAILS: Encryption enabled: False
[2025-10-05 16:48:59] ROLE: SYSTEM, ACTION: STARTUP, DETAILS: Encryption enabled: False
[2025-10-05 16:49:15] ROLE: SYSTEM, ACTION: STARTUP, DETAILS: Encryption enabled: False
[2025-10-05 16:49:45] ROLE: PATIENT, ACTION: UPLOAD_START, DETAILS: File size: 73 bytes
[2025-10-05 16:49:45] ROLE: PATIENT, ACTION: UPLOAD_COMPLETE, DETAILS: Plaintext file saved: uploads\c0a65818-d1e2-47b4-9499-d837d27ce767_plaintext.bin
[2025-10-05 16:49:57] ROLE: DOCTOR, ACTION: SEND_TO_LAB, DETAILS: Forwarded file ID: c0a65818-d1e2-47b4-9499-d837d27ce767 -> c292da93-0bc2-4d56-ae0b-af940c5a2925
[2025-10-05 16:50:06] ROLE: OUTSIDER, ACTION: INSPECT_ALL, DETAILS: Found 9 files
[2025-10-05 16:50:35] ROLE: OUTSIDER, ACTION: INSPECT_TRAFFIC, DETAILS: File ID: c0a65818-d1e2-47b4-9499-d837d27ce767, Type: plaintext, Size: 73 bytes
[2025-10-05 16:50:55] ROLE: SYSTEM, ACTION: STARTUP, DETAILS: Encryption enabled: True
[2025-10-05 16:51:04] ROLE: PATIENT, ACTION: UPLOAD_START, DETAILS: File size: 73 bytes
[2025-10-05 16:51:05] ROLE: PATIENT, ACTION: UPLOAD_COMPLETE, DETAILS: Encrypted file saved: uploads\fc60f817-2403-40d5-a059-cb13fde40c88_encrypted.bin
[2025-10-05 16:51:13] ROLE: OUTSIDER, ACTION: INSPECT_TRAFFIC, DETAILS: File ID: fc60f817-2403-40d5-a059-cb13fde40c88, Type: encrypted, Size: 7 bytes
[2025-10-05 16:51:58] ROLE: DOCTOR, ACTION: SEND_TO_LAB, DETAILS: Forwarded file ID: fc60f817-2403-40d5-a059-cb13fde40c88 -> 2241f4f4-f6f5-40da-854a-2dc835fc2de1
[2025-10-05 16:52:24] ROLE: LAB, ACTION: PROCESS_START, DETAILS: Processing file ID: 2241f4f4-f6f5-40da-854a-2dc835fc2de1
[2025-10-05 16:52:24] ROLE: LAB, ACTION: PROCESS_COMPLETE, DETAILS: Computation completed for 2241f4f4-f6f5-40da-854a-2dc835fc2de1
[2025-10-05 16:53:06] ROLE: DOCTOR, ACTION: VIEW_REPORT, DETAILS: File ID: fc60f817-2403-40d5-a059-cb13fde40c88, Size: 7 bytes
[2025-10-05 16:53:34] ROLE: DOCTOR, ACTION: RETURN_RESULT, DETAILS: Diagnosis sent for file ID: 6936cafa-8c0b-4a43-8126-83810c08e99a
[2025-10-05 16:53:46] ROLE: PATIENT, ACTION: VIEW_RESULT, DETAILS: File ID: 6936cafa-8c0b-4a43-8126-83810c08e99a
[2025-10-05 16:54:08] ROLE: SYSTEM, ACTION: STARTUP, DETAILS: Encryption enabled: False
[2025-10-05 16:55:57] ROLE: PATIENT, ACTION: UPLOAD_START, DETAILS: File size: 95 bytes
[2025-10-05 16:55:57] ROLE: PATIENT, ACTION: UPLOAD_COMPLETE, DETAILS: Plaintext file saved: uploads\868dffdd-56c9-4541-9897-4ca09c36bb1d_plaintext.bin
[2025-10-05 16:56:10] ROLE: DOCTOR, ACTION: VIEW_REPORT, DETAILS: File ID: 868dffdd-56c9-4541-9897-4ca09c36bb1d, Size: 95 bytes
[2025-10-05 16:56:53] ROLE: OUTSIDER, ACTION: INSPECT_TRAFFIC, DETAILS: File ID: 868dffdd-56c9-4541-9897-4ca09c36bb1d, Type: plaintext, Size: 95 bytes
[2025-10-05 17:18:06] ROLE: SYSTEM, ACTION: STARTUP, DETAILS: Encryption enabled: False
[2025-10-05 17:18:07] ROLE: SYSTEM, ACTION: STARTUP, DETAILS: Encryption enabled: False
[2025-10-05 17:18:20] ROLE: PATIENT, ACTION: UPLOAD_START, DETAILS: File size: 73 bytes
[2025-10-05 17:18:20] ROLE: PATIENT, ACTION: UPLOAD_COMPLETE, DETAILS: Plaintext file saved: uploads\5e5233a3-fd58-4f39-af5c-777bc5ec5cb8_plaintext.bin
[2025-10-05 17:18:36] ROLE: PATIENT, ACTION: UPLOAD_START, DETAILS: File size: 95 bytes
[2025-10-05 17:18:36] ROLE: PATIENT, ACTION: UPLOAD_COMPLETE, DETAILS: Plaintext file saved: uploads\ee808f97-4939-4b32-8c2e-2ae85ac1c6bd_plaintext.bin
[2025-10-05 17:18:51] ROLE: OUTSIDER, ACTION: INSPECT_TRAFFIC, DETAILS: File ID: ee808f97-4939-4b32-8c2e-2ae85ac1c6bd, Type: plaintext, Size: 95 bytes
[2025-10-05 17:19:03] ROLE: SYSTEM, ACTION: STARTUP, DETAILS: Encryption enabled: True
[2025-10-05 17:19:10] ROLE: PATIENT, ACTION: UPLOAD_START, DETAILS: File size: 95 bytes
[2025-10-05 17:20:49] ROLE: SYSTEM, ACTION: STARTUP, DETAILS: Encryption enabled: True
[2025-10-05 17:22:30] ROLE: PATIENT, ACTION: UPLOAD_START, DETAILS: File size: 17 bytes
[2025-10-05 17:22:59] ROLE: SYSTEM, ACTION: STARTUP, DETAILS: Encryption enabled: True
[2025-10-05 17:25:27] ROLE: SYSTEM, ACTION: STARTUP, DETAILS: Encryption enabled: True
[2025-10-05 17:25:28] ROLE: SYSTEM, ACTION: STARTUP, DETAILS: Encryption enabled: True
[2025-10-05 17:25:39] ROLE: PATIENT, ACTION: UPLOAD_START, DETAILS: File size: 95 bytes
[2025-10-05 17:25:39] ROLE: PATIENT, ACTION: UPLOAD_COMPLETE, DETAILS: Encrypted file saved: uploads\45fc6a99-3bd8-46a3-9ba8-7dcfd41e3631_encrypted.bin
[2025-10-05 17:26:01] ROLE: OUTSIDER, ACTION: INSPECT_TRAFFIC, DETAILS: File ID: 45fc6a99-3bd8-46a3-9ba8-7dcfd41e3631, Type: encrypted, Size: 350 bytes
[2025-10-05 17:26:17] ROLE: DOCTOR, ACTION: SEND_TO_LAB, DETAILS: Forwarded file ID: 45fc6a99-3bd8-46a3-9ba8-7dcfd41e3631 -> 96483851-10dd-44d6-aef7-81103354211c
[2025-10-05 17:26:31] ROLE: LAB, ACTION: PROCESS_START, DETAILS: Processing file ID: 96483851-10dd-44d6-aef7-81103354211c
[2025-10-05 17:26:31] ROLE: LAB, ACTION: PROCESS_ERROR, DETAILS: Computation failed: invalid load key, '\xf8'.
[2025-10-05 17:26:44] ROLE: LAB, ACTION: PROCESS_START, DETAILS: Processing file ID: 96483851-10dd-44d6-aef7-81103354211c
[2025-10-05 17:26:44] ROLE: LAB, ACTION: PROCESS_ERROR, DETAILS: Computation failed: invalid load key, '\xf8'.
[2025-10-05 17:26:46] ROLE: LAB, ACTION: PROCESS_START, DETAILS: Processing file ID: 96483851-10dd-44d6-aef7-81103354211c
[2025-10-05 17:26:46] ROLE: LAB, ACTION: PROCESS_ERROR, DETAILS: Computation failed: invalid load key, '\xf8'.
[2025-10-05 17:27:02] ROLE: LAB, ACTION: PROCESS_START, DETAILS: Processing file ID: 96483851-10dd-44d6-aef7-81103354211c
[2025-10-05 17:27:02] ROLE: LAB, ACTION: PROCESS_ERROR, DETAILS: Computation failed: invalid load key, '\xf8'.
[2025-10-05 17:28:34] ROLE: SYSTEM, ACTION: STARTUP, DETAILS: Encryption enabled: True
[2025-10-05 17:29:05] ROLE: SYSTEM, ACTION: STARTUP, DETAILS: Encryption enabled: True
[2025-10-05 17:29:29] ROLE: SYSTEM, ACTION: STARTUP, DETAILS: Encryption enabled: True
[2025-10-05 17:32:01] ROLE: PATIENT, ACTION: UPLOAD_START, DETAILS: File size: 814 bytes
[2025-10-05 17:32:01] ROLE: PATIENT, ACTION: UPLOAD_COMPLETE, DETAILS: Encrypted file saved: uploads\2776bd49-b3f8-45ab-a96e-d7ff4dac8b52_encrypted.bin
[2025-10-05 17:32:19] ROLE: DOCTOR, ACTION: VIEW_REPORT, DETAILS: File ID: 2776bd49-b3f8-45ab-a96e-d7ff4dac8b52, Size: 350 bytes
[2025-10-05 17:32:32] ROLE: DOCTOR, ACTION: SEND_TO_LAB, DETAILS: Forwarded file ID: 2776bd49-b3f8-45ab-a96e-d7ff4dac8b52 -> 616fbef2-756f-46ae-bc07-099aa045dea7
[2025-10-05 17:32:42] ROLE: LAB, ACTION: PROCESS_ERROR, DETAILS: cannot access local variable 'os' where it is not associated with a value
[2025-10-05 17:33:25] ROLE: PATIENT, ACTION: UPLOAD_START, DETAILS: File size: 95 bytes
[2025-10-05 17:33:25] ROLE: PATIENT, ACTION: UPLOAD_COMPLETE, DETAILS: Encrypted file saved: uploads\8eb320e5-47ff-43e4-aa4b-5d75b5fc1fea_encrypted.bin
[2025-10-05 17:33:33] ROLE: DOCTOR, ACTION: SEND_TO_LAB, DETAILS: Forwarded file ID: 8eb320e5-47ff-43e4-aa4b-5d75b5fc1fea -> 505c78a2-80ba-4f23-b85d-913c1dcff6c9
[2025-10-05 17:33:43] ROLE: OUTSIDER, ACTION: INSPECT_TRAFFIC, DETAILS: File ID: 505c78a2-80ba-4f23-b85d-913c1dcff6c9, Type: lab_processing, Size: 350 bytes
[2025-10-05 17:33:54] ROLE: LAB, ACTION: PROCESS_ERROR, DETAILS: cannot access local variable 'os' where it is not associated with a value
[2025-10-05 17:39:56] ROLE: SYSTEM, ACTION: STARTUP, DETAILS: Encryption enabled: True
[2025-10-05 17:40:12] ROLE: LAB, ACTION: PROCESS_ERROR, DETAILS: cannot access local variable 'os' where it is not associated with a value
[2025-10-05 17:40:21] ROLE: PATIENT, ACTION: UPLOAD_START, DETAILS: File size: 95 bytes
[2025-10-05 17:40:21] ROLE: PATIENT, ACTION: UPLOAD_COMPLETE, DETAILS: Encrypted file saved: uploads\81450b55-c8a9-48bf-b3d2-79cf44c3ecc8_encrypted.bin
[2025-10-05 17:40:28] ROLE: DOCTOR, ACTION: SEND_TO_LAB, DETAILS: Forwarded file ID: 81450b55-c8a9-48bf-b3d2-79cf44c3ecc8 -> 6f40a10b-6263-485f-a8b3-3917c94a373a
[2025-10-05 17:40:37] ROLE: LAB, ACTION: PROCESS_ERROR, DETAILS: cannot access local variable 'os' where it is not associated with a value
[2025-10-05 17:40:38] ROLE: LAB, ACTION: PROCESS_ERROR, DETAILS: cannot access local variable 'os' where it is not associated with a value
[2025-10-05 17:41:30] ROLE: SYSTEM, ACTION: STARTUP, DETAILS: Encryption enabled: True
[2025-10-05 17:41:40] ROLE: LAB, ACTION: PROCESS_START, DETAILS: Processing file ID: 6f40a10b-6263-485f-a8b3-3917c94a373a
[2025-10-05 17:41:40] ROLE: LAB, ACTION: PROCESS_FALLBACK, DETAILS: Fallback processing completed for 6f40a10b-6263-485f-a8b3-3917c94a373a
[2025-10-05 17:47:09] ROLE: SYSTEM, ACTION: STARTUP, DETAILS: Encryption enabled: True
[2025-10-05 17:47:30] ROLE: SYSTEM, ACTION: STARTUP, DETAILS: Encryption enabled: True
[2025-10-05 17:47:40] ROLE: LAB, ACTION: PROCESS_START, DETAILS: Processing file ID: 6f40a10b-6263-485f-a8b3-3917c94a373a
[2025-10-05 17:47:40] ROLE: LAB, ACTION: PROCESS_FALLBACK, DETAILS: Fallback processing completed for 6f40a10b-6263-485f-a8b3-3917c94a373a
[2025-10-05 17:48:13] ROLE: SYSTEM, ACTION: STARTUP, DETAILS: Encryption enabled: True
[2025-10-05 17:48:23] ROLE: SYSTEM, ACTION: STARTUP, DETAILS: Encryption enabled: True
[2025-10-05 17:48:27] ROLE: SYSTEM, ACTION: STARTUP, DETAILS: Encryption enabled: True
[2025-10-05 17:50:25] ROLE: SYSTEM, ACTION: STARTUP, DETAILS: Encryption enabled: True
[2025-10-05 17:50:43] ROLE: PATIENT, ACTION: UPLOAD_START, DETAILS: File size: 814 bytes
[2025-10-05 17:50:50] ROLE: PATIENT, ACTION: UPLOAD_START, DETAILS: File size: 95 bytes
[2025-10-05 17:50:53] ROLE: PATIENT, ACTION: UPLOAD_START, DETAILS: File size: 95 bytes
[2025-10-05 17:50:53] ROLE: PATIENT, ACTION: UPLOAD_START, DETAILS: File size: 95 bytes
[2025-10-05 17:50:59] ROLE: PATIENT, ACTION: UPLOAD_START, DETAILS: File size: 814 bytes
[2025-10-05 17:51:16] ROLE: SYSTEM, ACTION: STARTUP, DETAILS: Encryption enabled: True
[2025-10-05 17:51:21] ROLE: PATIENT, ACTION: UPLOAD_START, DETAILS: File size: 814 bytes
[2025-10-05 17:51:28] ROLE: SYSTEM, ACTION: STARTUP, DETAILS: Encryption enabled: True
[2025-10-05 17:52:16] ROLE: PATIENT, ACTION: UPLOAD_START, DETAILS: File size: 814 bytes
[2025-10-05 17:52:28] ROLE: SYSTEM, ACTION: STARTUP, DETAILS: Encryption enabled: True
[2025-10-05 17:52:28] ROLE: PATIENT, ACTION: UPLOAD_START, DETAILS: File size: 814 bytes
[2025-10-05 17:52:28] ROLE: PATIENT, ACTION: UPLOAD_START, DETAILS: File size: 814 bytes
[2025-10-05 17:52:32] ROLE: PATIENT, ACTION: UPLOAD_START, DETAILS: File size: 95 bytes
[2025-10-05 17:53:11] ROLE: SYSTEM, ACTION: STARTUP, DETAILS: Encryption enabled: True
[2025-10-05 17:53:27] ROLE: SYSTEM, ACTION: STARTUP, DETAILS: Encryption enabled: True
[2025-10-05 17:53:34] ROLE: PATIENT, ACTION: UPLOAD_START, DETAILS: File size: 95 bytes
[2025-10-05 17:55:03] ROLE: SYSTEM, ACTION: STARTUP, DETAILS: Encryption enabled: True
[2025-10-05 17:55:12] ROLE: PATIENT, ACTION: UPLOAD_START, DETAILS: File size: 95 bytes
[2025-10-05 17:56:32] ROLE: SYSTEM, ACTION: STARTUP, DETAILS: Encryption enabled: True
[2025-10-05 17:56:46] ROLE: SYSTEM, ACTION: STARTUP, DETAILS: Encryption enabled: True
[2025-10-05 17:59:02] ROLE: SYSTEM, ACTION: STARTUP, DETAILS: Encryption enabled: True
[2025-10-05 17:59:03] ROLE: SYSTEM, ACTION: STARTUP, DETAILS: Encryption enabled: True
[2025-10-05 17:59:13] ROLE: PATIENT, ACTION: UPLOAD_START, DETAILS: File size: 95 bytes
[2025-10-05 17:59:13] ROLE: PATIENT, ACTION: UPLOAD_COMPLETE, DETAILS: Encrypted file saved: uploads\a602ae85-d79f-40ef-9bfa-76c97a03ebea_encrypted.bin
[2025-10-05 17:59:25] ROLE: DOCTOR, ACTION: SEND_TO_LAB, DETAILS: Forwarded file ID: a602ae85-d79f-40ef-9bfa-76c97a03ebea -> ace8d2f4-7898-44a2-988a-d5b06fbaf2ff
[2025-10-05 17:59:38] ROLE: LAB, ACTION: PROCESS_START, DETAILS: Processing file ID: ace8d2f4-7898-44a2-988a-d5b06fbaf2ff
[2025-10-05 17:59:38] ROLE: LAB, ACTION: PROCESS_FALLBACK, DETAILS: Fallback processing completed for ace8d2f4-7898-44a2-988a-d5b06fbaf2ff
[2025-10-05 18:04:55] ROLE: SYSTEM, ACTION: STARTUP, DETAILS: Encryption enabled: True
[2025-10-05 18:04:56] ROLE: SYSTEM, ACTION: STARTUP, DETAILS: Encryption enabled: True
[2025-10-05 18:05:12] ROLE: LAB, ACTION: PROCESS_START, DETAILS: Processing file ID: ace8d2f4-7898-44a2-988a-d5b06fbaf2ff
[2025-10-05 18:05:12] ROLE: LAB, ACTION: PROCESS_FALLBACK, DETAILS: Fallback processing completed for ace8d2f4-7898-44a2-988a-d5b06fbaf2ff
[2025-10-05 18:05:18] ROLE: OUTSIDER, ACTION: INSPECT_TRAFFIC, DETAILS: File ID: ace8d2f4-7898-44a2-988a-d5b06fbaf2ff, Type: lab_processing, Size: 333991 bytes
[2025-10-05 18:06:01] ROLE: PATIENT, ACTION: UPLOAD_START, DETAILS: File size: 95 bytes
[2025-10-05 18:06:01] ROLE: PATIENT, ACTION: UPLOAD_COMPLETE, DETAILS: Encrypted file saved: uploads\89a8a25f-7c68-45cc-87de-ae3f8c90868c_encrypted.bin
[2025-10-05 18:06:14] ROLE: DOCTOR, ACTION: SEND_TO_LAB, DETAILS: Forwarded file ID: 89a8a25f-7c68-45cc-87de-ae3f8c90868c -> 88a4f274-fbc6-4506-b36d-7969cc9eb735
[2025-10-05 18:06:30] ROLE: LAB, ACTION: PROCESS_START, DETAILS: Processing file ID: 88a4f274-fbc6-4506-b36d-7969cc9eb735
[2025-10-05 18:06:30] ROLE: LAB, ACTION: PROCESS_FALLBACK, DETAILS: Fallback processing completed for 88a4f274-fbc6-4506-b36d-7969cc9eb735
[2025-10-05 18:10:44] ROLE: SYSTEM, ACTION: STARTUP, DETAILS: Encryption enabled: True
[2025-10-05 18:10:45] ROLE: SYSTEM, ACTION: STARTUP, DETAILS: Encryption enabled: True
[2025-10-05 18:10:55] ROLE: PATIENT, ACTION: UPLOAD_START, DETAILS: File size: 95 bytes
[2025-10-05 18:10:55] ROLE: PATIENT, ACTION: UPLOAD_COMPLETE, DETAILS: Encrypted file saved: uploads\d11941c1-b335-4ffb-95c1-dcae068c0e2e_encrypted.bin
[2025-10-05 18:11:13] ROLE: DOCTOR, ACTION: SEND_TO_LAB, DETAILS: Forwarded file ID: d11941c1-b335-4ffb-95c1-dcae068c0e2e -> 59bf5ea7-70f6-4d32-9ad5-a56ff5088cdf
[2025-10-05 18:11:27] ROLE: LAB, ACTION: PROCESS_START, DETAILS: Processing file ID: 59bf5ea7-70f6-4d32-9ad5-a56ff5088cdf
[2025-10-05 18:15:16] ROLE: SYSTEM, ACTION: STARTUP, DETAILS: Encryption enabled: True
[2025-10-05 18:15:18] ROLE: SYSTEM, ACTION: STARTUP, DETAILS: Encryption enabled: True
[2025-10-05 18:15:31] ROLE: PATIENT, ACTION: UPLOAD_START, DETAILS: File size: 95 bytes
[2025-10-05 18:15:31] ROLE: PATIENT, ACTION: UPLOAD_COMPLETE, DETAILS: Encrypted file saved: uploads\ec63f5be-1c80-4b3d-af28-09924b298739_encrypted.bin
[2025-10-05 18:15:49] ROLE: DOCTOR, ACTION: SEND_TO_LAB, DETAILS: Forwarded file ID: ec63f5be-1c80-4b3d-af28-09924b298739 -> 78db6987-721a-47bf-ac84-00acc58deafc
[2025-10-05 18:16:04] ROLE: LAB, ACTION: PROCESS_START, DETAILS: Processing file ID: 78db6987-721a-47bf-ac84-00acc58deafc
[2025-10-05 18:16:59] ROLE: SYSTEM, ACTION: STARTUP, DETAILS: Encryption enabled: True
[2025-10-05 18:17:20] ROLE: SYSTEM, ACTION: STARTUP, DETAILS: Encryption enabled: True
[2025-10-05 18:17:22] ROLE: SYSTEM, ACTION: STARTUP, DETAILS: Encryption enabled: True
[2025-10-05 18:17:30] ROLE: PATIENT, ACTION: UPLOAD_START, DETAILS: File size: 95 bytes
[2025-10-05 18:17:30] ROLE: PATIENT, ACTION: UPLOAD_COMPLETE, DETAILS: Encrypted file saved: uploads\2c271215-50e2-43d0-bd20-02aba0af6a27_encrypted.bin
[2025-10-05 18:17:38] ROLE: DOCTOR, ACTION: SEND_TO_LAB, DETAILS: Forwarded file ID: 2c271215-50e2-43d0-bd20-02aba0af6a27 -> 901be5bc-7754-4d72-b1d4-efffb42cb626
[2025-10-05 18:17:54] ROLE: LAB, ACTION: PROCESS_START, DETAILS: Processing file ID: 901be5bc-7754-4d72-b1d4-efffb42cb626
[2025-10-05 18:20:02] ROLE: SYSTEM, ACTION: STARTUP, DETAILS: Encryption enabled: True
[2025-10-05 18:20:12] ROLE: SYSTEM, ACTION: STARTUP, DETAILS: Encryption enabled: True
[2025-10-05 18:20:15] ROLE: SYSTEM, ACTION: STARTUP, DETAILS: Encryption enabled: True
[2025-10-05 18:21:18] ROLE: PATIENT, ACTION: UPLOAD_START, DETAILS: File size: 95 bytes
[2025-10-05 18:21:18] ROLE: PATIENT, ACTION: UPLOAD_COMPLETE, DETAILS: Encrypted file saved: uploads\91b54ba9-51c8-4ca8-a265-8112014baf91_encrypted.bin
[2025-10-05 18:21:36] ROLE: DOCTOR, ACTION: SEND_TO_LAB, DETAILS: Forwarded file ID: 91b54ba9-51c8-4ca8-a265-8112014baf91 -> 73c4772f-e626-4adc-8c37-02cf95dd9e6d
[2025-10-05 18:24:20] ROLE: SYSTEM, ACTION: STARTUP, DETAILS: Encryption enabled: True
[2025-10-05 18:24:28] ROLE: SYSTEM, ACTION: STARTUP, DETAILS: Encryption enabled: True
[2025-10-05 18:24:40] ROLE: PATIENT, ACTION: UPLOAD_START, DETAILS: File size: 95 bytes
[2025-10-05 18:24:40] ROLE: PATIENT, ACTION: UPLOAD_COMPLETE, DETAILS: Encrypted file saved: uploads\9324be53-2651-4b45-be76-23838b615f54_encrypted.bin
[2025-10-05 18:24:56] ROLE: DOCTOR, ACTION: VIEW_REPORT, DETAILS: File ID: 9324be53-2651-4b45-be76-23838b615f54, Size: 334135 bytes
[2025-10-05 18:25:01] ROLE: DOCTOR, ACTION: SEND_TO_LAB, DETAILS: Forwarded file ID: 9324be53-2651-4b45-be76-23838b615f54 -> bf348d3e-8efc-4091-a293-35d4e1b62a2b
[2025-10-05 18:27:46] ROLE: SYSTEM, ACTION: STARTUP, DETAILS: Encryption enabled: True
[2025-10-05 18:27:56] ROLE: SYSTEM, ACTION: STARTUP, DETAILS: Encryption enabled: True
[2025-10-05 18:29:34] ROLE: SYSTEM, ACTION: STARTUP, DETAILS: Encryption enabled: True
[2025-10-05 18:29:40] ROLE: SYSTEM, ACTION: STARTUP, DETAILS: Encryption enabled: True
[2025-10-05 18:29:48] ROLE: PATIENT, ACTION: UPLOAD_START, DETAILS: File size: 814 bytes
[2025-10-05 18:29:48] ROLE: PATIENT, ACTION: UPLOAD_COMPLETE, DETAILS: Encrypted file saved: uploads\13af8e4a-e339-4023-8544-b6043f2dbb1a_encrypted.bin
[2025-10-05 18:29:57] ROLE: DOCTOR, ACTION: SEND_TO_LAB, DETAILS: Forwarded file ID: 13af8e4a-e339-4023-8544-b6043f2dbb1a -> a2e86e2a-931d-4171-9d7a-d5ce1d6c76f9
[2025-10-05 18:42:55] ROLE: SYSTEM, ACTION: STARTUP, DETAILS: Encryption enabled: True
[2025-10-05 18:43:01] ROLE: SYSTEM, ACTION: STARTUP, DETAILS: Encryption enabled: True
[2025-10-05 18:43:30] ROLE: OUTSIDER, ACTION: INSPECT_ALL, DETAILS: Found 29 files
[2025-10-05 18:45:04] ROLE: LAB, ACTION: PROCESS_START, DETAILS: Processing file ID: 505c78a2-80ba-4f23-b85d-913c1dcff6c9
[2025-10-05 18:52:13] ROLE: PATIENT, ACTION: UPLOAD_START, DETAILS: File size: 95 bytes
[2025-10-05 18:52:13] ROLE: PATIENT, ACTION: UPLOAD_COMPLETE, DETAILS: Encrypted file saved: uploads\68a20c46-07b5-4bcf-8dce-563f1bd0169d_encrypted.bin
[2025-10-05 18:52:27] ROLE: DOCTOR, ACTION: SEND_TO_LAB, DETAILS: Forwarded file ID: 68a20c46-07b5-4bcf-8dce-563f1bd0169d -> 052fb4b3-b0d1-4544-9073-fd0a5c4c064c
[2025-10-05 18:52:39] ROLE: LAB, ACTION: PROCESS_START, DETAILS: Processing file ID: 052fb4b3-b0d1-4544-9073-fd0a5c4c064c
[2025-10-05 18:52:56] ROLE: LAB, ACTION: PROCESS_START, DETAILS: Processing file ID: 052fb4b3-b0d1-4544-9073-fd0a5c4c064c
[2025-10-05 18:55:06] ROLE: SYSTEM, ACTION: STARTUP, DETAILS: Encryption enabled: True
[2025-10-05 18:55:22] ROLE: PATIENT, ACTION: UPLOAD_START, DETAILS: File size: 814 bytes
[2025-10-05 18:55:22] ROLE: PATIENT, ACTION: UPLOAD_COMPLETE, DETAILS: Encrypted file saved: uploads\2a1ab004-4be4-43eb-8455-304d38d7c3d4_encrypted.bin
[2025-10-05 18:55:31] ROLE: DOCTOR, ACTION: VIEW_REPORT, DETAILS: File ID: 2a1ab004-4be4-43eb-8455-304d38d7c3d4, Size: 334287 bytes
[2025-10-05 18:55:39] ROLE: DOCTOR, ACTION: SEND_TO_LAB, DETAILS: Forwarded file ID: 2a1ab004-4be4-43eb-8455-304d38d7c3d4 -> 811a6a53-9c06-42ca-94e8-e166d5ad9f54
[2025-10-05 18:55:49] ROLE: LAB, ACTION: PROCESS_ERROR, DETAILS: cannot access local variable 'os' where it is not associated with a value
[2025-10-05 18:56:53] ROLE: OUTSIDER, ACTION: INSPECT_ALL, DETAILS: Found 33 files
[2025-10-05 18:57:03] ROLE: OUTSIDER, ACTION: INSPECT_TRAFFIC, DETAILS: File ID: 052fb4b3-b0d1-4544-9073-fd0a5c4c064c, Type: lab_processing, Size: 334146 bytes
[2025-10-05 18:58:02] ROLE: SYSTEM, ACTION: STARTUP, DETAILS: Encryption enabled: True
[2025-10-05 18:58:15] ROLE: PATIENT, ACTION: UPLOAD_START, DETAILS: File size: 95 bytes
[2025-10-05 18:58:15] ROLE: PATIENT, ACTION: UPLOAD_COMPLETE, DETAILS: Encrypted file saved: uploads\7d42688b-07bf-4773-acb4-d75c59e6bcda_encrypted.bin
[2025-10-05 18:58:24] ROLE: DOCTOR, ACTION: SEND_TO_LAB, DETAILS: Forwarded file ID: 7d42688b-07bf-4773-acb4-d75c59e6bcda -> 0bc464f4-cf5a-4f06-b4b2-66842a46cf52
[2025-10-05 18:58:36] ROLE: LAB, ACTION: PROCESS_ERROR, DETAILS: cannot access local variable 'os' where it is not associated with a value
[2025-10-05 18:59:05] ROLE: SYSTEM, ACTION: STARTUP, DETAILS: Encryption enabled: True
[2025-10-05 18:59:17] ROLE: PATIENT, ACTION: UPLOAD_START, DETAILS: File size: 95 bytes
[2025-10-05 18:59:17] ROLE: PATIENT, ACTION: UPLOAD_COMPLETE, DETAILS: Encrypted file saved: uploads\49b2c3ab-9582-4790-8de8-3f91df1cbe9e_encrypted.bin
[2025-10-05 18:59:26] ROLE: DOCTOR, ACTION: SEND_TO_LAB, DETAILS: Forwarded file ID: 49b2c3ab-9582-4790-8de8-3f91df1cbe9e -> 95526711-9d9e-446a-8dee-c3c5f2923860
[2025-10-05 18:59:43] ROLE: LAB, ACTION: PROCESS_START, DETAILS: Processing file ID: 95526711-9d9e-446a-8dee-c3c5f2923860
[2025-10-05 18:59:43] ROLE: LAB, ACTION: PROCESS_FALLBACK, DETAILS: Fallback processing completed for 95526711-9d9e-446a-8dee-c3c5f2923860
[2025-10-05 18:59:50] ROLE: LAB, ACTION: PROCESS_START, DETAILS: Processing file ID: 95526711-9d9e-446a-8dee-c3c5f2923860
[2025-10-05 18:59:50] ROLE: LAB, ACTION: PROCESS_FALLBACK, DETAILS: Fallback processing completed for 95526711-9d9e-446a-8dee-c3c5f2923860
[2025-10-05 19:01:32] ROLE: SYSTEM, ACTION: STARTUP, DETAILS: Encryption enabled: False
[2025-10-05 19:01:44] ROLE: PATIENT, ACTION: UPLOAD_START, DETAILS: File size: 814 bytes
[2025-10-05 19:01:44] ROLE: PATIENT, ACTION: UPLOAD_COMPLETE, DETAILS: Plaintext file saved: uploads\dc3fe373-463f-4f7c-b690-a26ebf8eac05_plaintext.bin
[2025-10-05 19:02:14] ROLE: PATIENT, ACTION: UPLOAD_START, DETAILS: File size: 95 bytes
[2025-10-05 19:02:14] ROLE: PATIENT, ACTION: UPLOAD_COMPLETE, DETAILS: Plaintext file saved: uploads\a4e47848-aa7c-4412-a98b-af0465e67ada_plaintext.bin
[2025-10-05 19:07:38] ROLE: SYSTEM, ACTION: STARTUP, DETAILS: Encryption enabled: False
[2025-10-05 19:07:48] ROLE: PATIENT, ACTION: UPLOAD_START, DETAILS: File size: 814 bytes
[2025-10-05 19:07:48] ROLE: PATIENT, ACTION: UPLOAD_COMPLETE, DETAILS: Plaintext file saved: uploads\fe9ae4b7-c65e-4fa9-a464-085a57561001_plaintext.bin
[2025-10-05 19:07:57] ROLE: DOCTOR, ACTION: SEND_TO_LAB, DETAILS: Forwarded file ID: fe9ae4b7-c65e-4fa9-a464-085a57561001 -> 856eb9d0-199e-428f-94de-1d45d9b66396
[2025-10-05 19:08:20] ROLE: OUTSIDER, ACTION: INSPECT_TRAFFIC, DETAILS: File ID: 856eb9d0-199e-428f-94de-1d45d9b66396, Type: lab_processing, Size: 814 bytes
[2025-10-05 19:08:44] ROLE: OUTSIDER, ACTION: INSPECT_TRAFFIC, DETAILS: File ID: fe9ae4b7-c65e-4fa9-a464-085a57561001, Type: plaintext, Size: 814 bytes
[2025-10-05 19:09:17] ROLE: LAB, ACTION: PROCESS_START, DETAILS: Processing file ID: 856eb9d0-199e-428f-94de-1d45d9b66396
[2025-10-05 19:09:17] ROLE: LAB, ACTION: PROCESS_FALLBACK, DETAILS: Fallback processing completed for 856eb9d0-199e-428f-94de-1d45d9b66396
[2025-10-05 19:10:57] ROLE: SYSTEM, ACTION: STARTUP, DETAILS: Encryption enabled: False
[2025-10-05 19:11:04] ROLE: PATIENT, ACTION: UPLOAD_START, DETAILS: File size: 95 bytes
[2025-10-05 19:11:04] ROLE: PATIENT, ACTION: UPLOAD_COMPLETE, DETAILS: Plaintext file saved: uploads\e35d5f9d-2535-4511-8f96-dce149561cdc_plaintext.bin
[2025-10-05 19:11:18] ROLE: DOCTOR, ACTION: SEND_TO_LAB, DETAILS: Forwarded file ID: e35d5f9d-2535-4511-8f96-dce149561cdc -> 7c109f0e-e05e-41dd-895d-a1eaf03d96da
[2025-10-05 19:11:31] ROLE: LAB, ACTION: PROCESS_START, DETAILS: Processing file ID: 7c109f0e-e05e-41dd-895d-a1eaf03d96da
[2025-10-05 19:11:31] ROLE: LAB, ACTION: PROCESS_FALLBACK, DETAILS: Fallback processing completed for 7c109f0e-e05e-41dd-895d-a1eaf03d96da
[2025-10-05 19:12:03] ROLE: DOCTOR, ACTION: RETURN_RESULT, DETAILS: Diagnosis sent for file ID: f97cbd20-6589-446d-b73b-7b2b7ce8028f
[2025-10-05 19:12:21] ROLE: PATIENT, ACTION: VIEW_RESULT, DETAILS: File ID: f97cbd20-6589-446d-b73b-7b2b7ce8028f
[2025-10-05 19:12:43] ROLE: SYSTEM, ACTION: STARTUP, DETAILS: Encryption enabled: True
[2025-10-05 19:12:51] ROLE: PATIENT, ACTION: UPLOAD_START, DETAILS: File size: 95 bytes
[2025-10-05 19:12:51] ROLE: PATIENT, ACTION: UPLOAD_COMPLETE, DETAILS: Encrypted file saved: uploads\653bc154-1af1-4b03-ba25-2aa64ea11cfc_encrypted.bin
[2025-10-05 19:13:02] ROLE: DOCTOR, ACTION: SEND_TO_LAB, DETAILS: Forwarded file ID: 653bc154-1af1-4b03-ba25-2aa64ea11cfc -> c1897994-3071-4982-8fb7-b0c0160d9901
[2025-10-05 19:13:08] ROLE: LAB, ACTION: PROCESS_START, DETAILS: Processing file ID: c1897994-3071-4982-8fb7-b0c0160d9901
[2025-10-05 19:13:08] ROLE: LAB, ACTION: PROCESS_FALLBACK, DETAILS: Fallback processing completed for c1897994-3071-4982-8fb7-b0c0160d9901
[2025-10-05 19:13:43] ROLE: OUTSIDER, ACTION: INSPECT_TRAFFIC, DETAILS: File ID: fe9ae4b7-c65e-4fa9-a464-085a57561001, Type: plaintext, Size: 814 bytes
[2025-10-05 19:13:46] ROLE: OUTSIDER, ACTION: INSPECT_ALL, DETAILS: Found 50 files
[2025-10-05 19:14:04] ROLE: OUTSIDER, ACTION: INSPECT_ALL, DETAILS: Found 50 files
[2025-10-05 19:14:51] ROLE: OUTSIDER, ACTION: INSPECT_TRAFFIC, DETAILS: File ID: fe9ae4b7-c65e-4fa9-a464-085a57561001, Type: plaintext, Size: 814 bytes
[2025-10-05 19:15:39] ROLE: SYSTEM, ACTION: STARTUP, DETAILS: Encryption enabled: False
[2025-10-05 19:15:43] ROLE: OUTSIDER, ACTION: INSPECT_ALL, DETAILS: Found 50 files
[2025-10-05 19:19:24] ROLE: SYSTEM, ACTION: STARTUP, DETAILS: Encryption enabled: False
